<?xml version="1.0" encoding="UTF-8"?>
<testsuite name="test.collective.SimpleAgedCacheTest" tests="4" skipped="0" failures="0" errors="0" timestamp="2024-07-19T20:37:58" hostname="codespaces-1e2279" time="0.034">
  <properties/>
  <testcase name="getExpired" classname="test.collective.SimpleAgedCacheTest" time="0.017"/>
  <testcase name="get" classname="test.collective.SimpleAgedCacheTest" time="0.002"/>
  <testcase name="size" classname="test.collective.SimpleAgedCacheTest" time="0.002"/>
  <testcase name="isEmpty" classname="test.collective.SimpleAgedCacheTest" time="0.008"/>
  <system-out><![CDATA[start
mills:1721421481081
retention:1721421482080
mills:1721421481081
retention:1721421480080
mills:1721421481083
retention:1721421482080
end
mills:1721421478086
retention:1721421482086
mills:1721421478086
retention:1721421480086
mills:1721421478087
retention:1721421482086
mills:1721421478087
retention:1721421480086
mills:1721421478090
retention:1721421482090
mills:1721421478090
retention:1721421480090
mills:1721421478096
retention:1721421482096
mills:1721421478096
retention:1721421480096
]]></system-out>
  <system-err><![CDATA[]]></system-err>
</testsuite>
